<?xml version="1.0" encoding="UTF-8"?>
<testng-results total="1" passed="1" failed="0" skipped="0">
  <reporter-output>
  </reporter-output>
  <suite started-at="2023-10-19T10:52:57Z" name="Default suite" finished-at="2023-10-19T10:53:09Z" duration-ms="11960">
    <groups>
    </groups>
    <test started-at="2023-10-19T10:52:57Z" name="Default test" finished-at="2023-10-19T10:53:09Z" duration-ms="11960">
      <class name="com.test.LoginTest">
        <test-method is-config="true" signature="setUp()[pri:0, instance:com.test.LoginTest@2a8448fa]" started-at="2023-10-19T16:22:57Z" name="setUp" finished-at="2023-10-19T16:23:08Z" duration-ms="10651" status="PASS">
          <reporter-output>
          </reporter-output>
        </test-method> <!-- setUp -->
        <test-method signature="testUsers()[pri:0, instance:com.test.LoginTest@2a8448fa]" started-at="2023-10-19T16:23:08Z" name="testUsers" finished-at="2023-10-19T16:23:09Z" duration-ms="1286" status="PASS">
          <reporter-output>
          </reporter-output>
        </test-method> <!-- testUsers -->
      </class> <!-- com.test.LoginTest -->
    </test> <!-- Default test -->
  </suite> <!-- Default suite -->
</testng-results>
